C:\XDIAG\SRC-BS\SOURCES\BIN\DUMPFILES\RELEASE\OBJ\LIN_KVASER\LIN_KVASER_STDAFX.OBJ
C:\XDIAG\SRC-BS\SOURCES\BIN\DUMPFILES\RELEASE\OBJ\LIN_KVASER\LIN_KVASER.OBJ
C:\XDIAG\SRC-BS\SOURCES\BIN\DUMPFILES\RELEASE\OBJ\LIN_KVASER\HARDWARELISTING.OBJ
C:\XDIAG\SRC-BS\SOURCES\BIN\DUMPFILES\RELEASE\OBJ\LIN_KVASER\COMMANDIL_LIN.OBJ
C:\XDIAG\SRC-BS\SOURCES\LIN_KVASER\RELEASE\VC110.PDB
C:\XDIAG\SRC-BS\SOURCES\BIN\RELEASE\LIN_KVASER.DLL
C:\XDIAG\SRC-BS\SOURCES\BIN\DUMPFILES\RELEASE\PDB\LIN_KVASER.PDB
C:\XDiag\src-bs\Sources\LIN_Kvaser\Release\LIN_Kvaser.lib
C:\XDiag\src-bs\Sources\LIN_Kvaser\Release\LIN_Kvaser.exp
C:\XDIAG\SRC-BS\SOURCES\LIN_KVASER\RELEASE\LIN_KVASER.RES
C:\XDiag\src-bs\Sources\LIN_Kvaser\Release\cl.command.1.tlog
C:\XDiag\src-bs\Sources\LIN_Kvaser\Release\CL.read.1.tlog
C:\XDiag\src-bs\Sources\LIN_Kvaser\Release\CL.write.1.tlog
C:\XDiag\src-bs\Sources\LIN_Kvaser\Release\link-cvtres.read.1.tlog
C:\XDiag\src-bs\Sources\LIN_Kvaser\Release\link-cvtres.write.1.tlog
C:\XDiag\src-bs\Sources\LIN_Kvaser\Release\link-mt.read.1.tlog
C:\XDiag\src-bs\Sources\LIN_Kvaser\Release\link-mt.write.1.tlog
C:\XDiag\src-bs\Sources\LIN_Kvaser\Release\link-rc.read.1.tlog
C:\XDiag\src-bs\Sources\LIN_Kvaser\Release\link-rc.write.1.tlog
C:\XDiag\src-bs\Sources\LIN_Kvaser\Release\link.command.1.tlog
C:\XDiag\src-bs\Sources\LIN_Kvaser\Release\link.read.1.tlog
C:\XDiag\src-bs\Sources\LIN_Kvaser\Release\link.write.1.tlog
C:\XDiag\src-bs\Sources\LIN_Kvaser\Release\LIN_Kvaser.write.1.tlog
C:\XDiag\src-bs\Sources\LIN_Kvaser\Release\rc.command.1.tlog
C:\XDiag\src-bs\Sources\LIN_Kvaser\Release\rc.read.1.tlog
C:\XDiag\src-bs\Sources\LIN_Kvaser\Release\rc.write.1.tlog
C:\XDiag\src-bs\Sources\LIN_Kvaser\Release\LIN_Kvaser.res
C:\XDiag\src-bs\Sources\LIN_Kvaser\Release\vc110.pdb
